build/app/intermediates/manifest_merge_blame_file/debug/manifest-merger-blame-debug-report.txt
1<?xml version="1.0" encoding="utf-8"?>
2<manifest xmlns:android="http://schemas.android.com/apk/res/android"
3    package="com.example.registraron_screen"
4    android:versionCode="1"
5    android:versionName="1.0.0" >
6
7    <uses-sdk
8        android:minSdkVersion="21"
9        android:targetSdkVersion="28" />
10    <!--
11         Flutter needs it to communicate with the running application
12         to allow setting breakpoints, to provide hot reload, etc.
13    -->
14    <uses-permission android:name="android.permission.INTERNET" />
14-->src/main/AndroidManifest.xml:8:5-66
14-->src/main/AndroidManifest.xml:8:22-64
15    <uses-permission android:name="android.permission.VIBRATE" />
15-->src/main/AndroidManifest.xml:9:5-66
15-->src/main/AndroidManifest.xml:9:22-63
16    <uses-permission android:name="android.permission.RECEIVE_BOOT_COMPLETED" />
16-->src/main/AndroidManifest.xml:10:5-80
16-->src/main/AndroidManifest.xml:10:22-78
17    <uses-permission android:name="android.permission.ACCESS_FINE_LOCATION" />
17-->src/main/AndroidManifest.xml:11:5-79
17-->src/main/AndroidManifest.xml:11:22-76
18    <uses-permission android:name="android.permission.ACCESS_COARSE_LOCATION" />
18-->src/main/AndroidManifest.xml:12:5-81
18-->src/main/AndroidManifest.xml:12:22-78
19    <uses-permission android:name="android.permission.WAKE_LOCK" />
19-->src/main/AndroidManifest.xml:13:5-84
19-->src/main/AndroidManifest.xml:13:22-65
20    <uses-permission android:name="android.permission.READ_EXTERNAL_STORAGE" />
20-->[:image_picker] AndroidManifest.xml:7:5-80
20-->[:image_picker] AndroidManifest.xml:7:22-77
21    <uses-permission android:name="android.permission.WRITE_EXTERNAL_STORAGE" />
21-->[:image_picker] AndroidManifest.xml:8:5-81
21-->[:image_picker] AndroidManifest.xml:8:22-78
22    <uses-permission android:name="android.permission.USE_FULL_SCREEN_INTENT" />
22-->[:flutter_local_notifications] AndroidManifest.xml:9:5-81
22-->[:flutter_local_notifications] AndroidManifest.xml:9:22-78
23    <uses-permission android:name="android.permission.CAMERA" />
23-->[:camera] AndroidManifest.xml:7:5-65
23-->[:camera] AndroidManifest.xml:7:22-62
24    <uses-permission android:name="android.permission.RECORD_AUDIO" /> <!-- Include required permissions for Google Maps API to run. -->
24-->[:camera] AndroidManifest.xml:8:5-71
24-->[:camera] AndroidManifest.xml:8:22-68
25    <uses-permission android:name="android.permission.ACCESS_NETWORK_STATE" />
25-->[com.google.android.gms:play-services-maps:17.0.0] AndroidManifest.xml:23:5-79
25-->[com.google.android.gms:play-services-maps:17.0.0] AndroidManifest.xml:23:22-76
26
27    <uses-feature
27-->[com.google.android.gms:play-services-maps:17.0.0] AndroidManifest.xml:26:5-28:35
28        android:glEsVersion="0x00020000"
28-->[com.google.android.gms:play-services-maps:17.0.0] AndroidManifest.xml:27:9-41
29        android:required="true" />
29-->[com.google.android.gms:play-services-maps:17.0.0] AndroidManifest.xml:28:9-32
30
31    <application
31-->src/main/AndroidManifest.xml:14:5-52:19
32        android:name="io.flutter.app.FlutterApplication"
32-->src/main/AndroidManifest.xml:15:9-57
33        android:appComponentFactory="androidx.core.app.CoreComponentFactory"
33-->[androidx.core:core:1.3.0] AndroidManifest.xml:24:18-86
34        android:debuggable="true"
35        android:icon="@mipmap/ic_launcher"
35-->src/main/AndroidManifest.xml:17:9-43
36        android:label="registraron_screen" >
36-->src/main/AndroidManifest.xml:16:9-43
37        <receiver android:name="com.dexterous.flutterlocalnotifications.ScheduledNotificationBootReceiver" >
37-->src/main/AndroidManifest.xml:18:9-23:20
37-->src/main/AndroidManifest.xml:18:19-107
38            <intent-filter>
38-->src/main/AndroidManifest.xml:19:13-22:29
39                <action android:name="android.intent.action.BOOT_COMPLETED" />
39-->src/main/AndroidManifest.xml:20:17-78
39-->src/main/AndroidManifest.xml:20:25-76
40                <action android:name="android.intent.action.MY_PACKAGE_REPLACED" />
40-->src/main/AndroidManifest.xml:21:17-83
40-->src/main/AndroidManifest.xml:21:25-81
41            </intent-filter>
42            <intent-filter>
42-->[:flutter_local_notifications] AndroidManifest.xml:14:13-19:29
43                <action android:name="android.intent.action.BOOT_COMPLETED" />
43-->src/main/AndroidManifest.xml:20:17-78
43-->src/main/AndroidManifest.xml:20:25-76
44                <action android:name="android.intent.action.MY_PACKAGE_REPLACED" />
44-->src/main/AndroidManifest.xml:21:17-83
44-->src/main/AndroidManifest.xml:21:25-81
45                <action android:name="android.intent.action.QUICKBOOT_POWERON" />
45-->[:flutter_local_notifications] AndroidManifest.xml:17:17-82
45-->[:flutter_local_notifications] AndroidManifest.xml:17:25-79
46                <action android:name="com.htc.intent.action.QUICKBOOT_POWERON" />
46-->[:flutter_local_notifications] AndroidManifest.xml:18:17-82
46-->[:flutter_local_notifications] AndroidManifest.xml:18:25-79
47            </intent-filter>
48        </receiver>
49        <receiver android:name="com.dexterous.flutterlocalnotifications.ScheduledNotificationReceiver" />
49-->src/main/AndroidManifest.xml:24:9-106
49-->src/main/AndroidManifest.xml:24:19-103
50
51        <activity
51-->src/main/AndroidManifest.xml:25:9-38:20
52            android:name="com.example.registraron_screen.MainActivity"
52-->src/main/AndroidManifest.xml:26:13-41
53            android:configChanges="orientation|keyboardHidden|keyboard|screenSize|smallestScreenSize|locale|layoutDirection|fontScale|screenLayout|density|uiMode"
53-->src/main/AndroidManifest.xml:29:13-163
54            android:hardwareAccelerated="true"
54-->src/main/AndroidManifest.xml:30:13-47
55            android:launchMode="singleTop"
55-->src/main/AndroidManifest.xml:27:13-43
56            android:showWhenLocked="true"
56-->src/main/AndroidManifest.xml:32:13-42
57            android:theme="@style/LaunchTheme"
57-->src/main/AndroidManifest.xml:28:13-47
58            android:turnScreenOn="true"
58-->src/main/AndroidManifest.xml:33:13-40
59            android:windowSoftInputMode="adjustResize" >
59-->src/main/AndroidManifest.xml:31:13-55
60            <intent-filter>
60-->src/main/AndroidManifest.xml:34:13-37:29
61                <action android:name="android.intent.action.MAIN" />
61-->src/main/AndroidManifest.xml:35:17-68
61-->src/main/AndroidManifest.xml:35:25-66
62
63                <category android:name="android.intent.category.LAUNCHER" />
63-->src/main/AndroidManifest.xml:36:17-76
63-->src/main/AndroidManifest.xml:36:27-74
64            </intent-filter>
65        </activity>
66
67        <!--
68             Don't delete the meta-data below.
69             This is used by the Flutter tool to generate GeneratedPluginRegistrant.java
70        -->
71        <meta-data
71-->src/main/AndroidManifest.xml:42:9-44:33
72            android:name="flutterEmbedding"
72-->src/main/AndroidManifest.xml:43:13-44
73            android:value="2" />
73-->src/main/AndroidManifest.xml:44:13-30
74        <meta-data
74-->src/main/AndroidManifest.xml:45:13-47:71
75            android:name="com.google.android.geo.API_KEY"
75-->src/main/AndroidManifest.xml:46:13-58
76            android:value="AIzaSyB2i9AYz30B25YZ0SxrnOHtUvDsYJ3ioWo" />
76-->src/main/AndroidManifest.xml:47:13-68
77
78        <activity
78-->src/main/AndroidManifest.xml:48:9-51:71
79            android:name="com.yalantis.ucrop.UCropActivity"
79-->src/main/AndroidManifest.xml:49:13-60
80            android:screenOrientation="portrait"
80-->src/main/AndroidManifest.xml:50:13-49
81            android:theme="@style/Theme.AppCompat.Light.NoActionBar" />
81-->src/main/AndroidManifest.xml:51:13-69
82
83        <service
83-->[:firebase_database] AndroidManifest.xml:8:9-12:19
84            android:name="com.google.firebase.components.ComponentDiscoveryService"
84-->[:firebase_database] AndroidManifest.xml:8:18-89
85            android:directBootAware="true"
85-->[com.google.firebase:firebase-common:19.5.0] AndroidManifest.xml:35:13-43
86            android:exported="false" >
86-->[com.google.firebase:firebase-auth:20.0.1] AndroidManifest.xml:76:13-37
87            <meta-data
87-->[:firebase_database] AndroidManifest.xml:9:13-11:85
88                android:name="com.google.firebase.components:io.flutter.plugins.firebase.database.FlutterFirebaseAppRegistrar"
88-->[:firebase_database] AndroidManifest.xml:10:17-127
89                android:value="com.google.firebase.components.ComponentRegistrar" />
89-->[:firebase_database] AndroidManifest.xml:11:17-82
90            <meta-data
90-->[:cloud_firestore] AndroidManifest.xml:9:13-11:85
91                android:name="com.google.firebase.components:io.flutter.plugins.firebase.firestore.FlutterFirebaseFirestoreRegistrar"
91-->[:cloud_firestore] AndroidManifest.xml:10:17-134
92                android:value="com.google.firebase.components.ComponentRegistrar" />
92-->[:cloud_firestore] AndroidManifest.xml:11:17-82
93            <meta-data
93-->[:firebase_auth] AndroidManifest.xml:9:13-11:85
94                android:name="com.google.firebase.components:io.flutter.plugins.firebase.auth.FlutterFirebaseAuthRegistrar"
94-->[:firebase_auth] AndroidManifest.xml:10:17-124
95                android:value="com.google.firebase.components.ComponentRegistrar" />
95-->[:firebase_auth] AndroidManifest.xml:11:17-82
96            <meta-data
96-->[:firebase_storage] AndroidManifest.xml:9:13-11:85
97                android:name="com.google.firebase.components:io.flutter.plugins.firebase.storage.FlutterFirebaseAppRegistrar"
97-->[:firebase_storage] AndroidManifest.xml:10:17-126
98                android:value="com.google.firebase.components.ComponentRegistrar" />
98-->[:firebase_storage] AndroidManifest.xml:11:17-82
99            <meta-data
99-->[:firebase_core] AndroidManifest.xml:9:13-11:85
100                android:name="com.google.firebase.components:io.flutter.plugins.firebase.core.FlutterFirebaseCoreRegistrar"
100-->[:firebase_core] AndroidManifest.xml:10:17-124
101                android:value="com.google.firebase.components.ComponentRegistrar" />
101-->[:firebase_core] AndroidManifest.xml:11:17-82
102            <meta-data
102-->[com.google.firebase:firebase-auth:20.0.1] AndroidManifest.xml:77:13-79:85
103                android:name="com.google.firebase.components:com.google.firebase.auth.FirebaseAuthRegistrar"
103-->[com.google.firebase:firebase-auth:20.0.1] AndroidManifest.xml:78:17-109
104                android:value="com.google.firebase.components.ComponentRegistrar" />
104-->[com.google.firebase:firebase-auth:20.0.1] AndroidManifest.xml:79:17-82
105            <meta-data
105-->[com.google.firebase:firebase-firestore:22.0.1] AndroidManifest.xml:20:13-22:85
106                android:name="com.google.firebase.components:com.google.firebase.firestore.FirestoreRegistrar"
106-->[com.google.firebase:firebase-firestore:22.0.1] AndroidManifest.xml:21:17-111
107                android:value="com.google.firebase.components.ComponentRegistrar" />
107-->[com.google.firebase:firebase-firestore:22.0.1] AndroidManifest.xml:22:17-82
108            <meta-data
108-->[com.google.firebase:firebase-storage:19.2.1] AndroidManifest.xml:33:13-35:85
109                android:name="com.google.firebase.components:com.google.firebase.storage.StorageRegistrar"
109-->[com.google.firebase:firebase-storage:19.2.1] AndroidManifest.xml:34:17-107
110                android:value="com.google.firebase.components.ComponentRegistrar" />
110-->[com.google.firebase:firebase-storage:19.2.1] AndroidManifest.xml:35:17-82
111            <meta-data
111-->[com.google.firebase:firebase-database:19.6.0] AndroidManifest.xml:32:13-34:85
112                android:name="com.google.firebase.components:com.google.firebase.database.DatabaseRegistrar"
112-->[com.google.firebase:firebase-database:19.6.0] AndroidManifest.xml:33:17-109
113                android:value="com.google.firebase.components.ComponentRegistrar" />
113-->[com.google.firebase:firebase-database:19.6.0] AndroidManifest.xml:34:17-82
114            <!--
115                This registrar is not defined in the dynamic-module-support sdk itself to allow non-firebase
116                clients to use it as well, by defining this registrar in their own core/common library.
117            -->
118            <meta-data
118-->[com.google.firebase:firebase-common:19.5.0] AndroidManifest.xml:43:13-45:85
119                android:name="com.google.firebase.components:com.google.firebase.dynamicloading.DynamicLoadingRegistrar"
119-->[com.google.firebase:firebase-common:19.5.0] AndroidManifest.xml:44:17-121
120                android:value="com.google.firebase.components.ComponentRegistrar" />
120-->[com.google.firebase:firebase-common:19.5.0] AndroidManifest.xml:45:17-82
121        </service>
122
123        <provider
123-->[:image_picker] AndroidManifest.xml:11:9-19:20
124            android:name="io.flutter.plugins.imagepicker.ImagePickerFileProvider"
124-->[:image_picker] AndroidManifest.xml:12:13-82
125            android:authorities="com.example.registraron_screen.flutter.image_provider"
125-->[:image_picker] AndroidManifest.xml:13:13-74
126            android:exported="false"
126-->[:image_picker] AndroidManifest.xml:14:13-37
127            android:grantUriPermissions="true" >
127-->[:image_picker] AndroidManifest.xml:15:13-47
128            <meta-data
128-->[:image_picker] AndroidManifest.xml:16:13-18:75
129                android:name="android.support.FILE_PROVIDER_PATHS"
129-->[:image_picker] AndroidManifest.xml:17:17-67
130                android:resource="@xml/flutter_image_picker_file_paths" />
130-->[:image_picker] AndroidManifest.xml:18:17-72
131        </provider>
132        <provider
132-->[:esys_flutter_share] AndroidManifest.xml:8:9-16:20
133            android:name="de.esys.esysfluttershare.EsysFlutterShareFileProvider"
133-->[:esys_flutter_share] AndroidManifest.xml:9:13-81
134            android:authorities="com.example.registraron_screen.fileprovider.github.com/orgs/esysberlin/esys-flutter-share"
134-->[:esys_flutter_share] AndroidManifest.xml:10:13-110
135            android:exported="false"
135-->[:esys_flutter_share] AndroidManifest.xml:11:13-37
136            android:grantUriPermissions="true" >
136-->[:esys_flutter_share] AndroidManifest.xml:12:13-47
137            <meta-data
137-->[:image_picker] AndroidManifest.xml:16:13-18:75
138                android:name="android.support.FILE_PROVIDER_PATHS"
138-->[:image_picker] AndroidManifest.xml:17:17-67
139                android:resource="@xml/esys_flutter_share_filepaths" />
139-->[:image_picker] AndroidManifest.xml:18:17-72
140        </provider> <!-- Needs to be explicitly declared on P+ -->
141        <uses-library
141-->[com.google.android.gms:play-services-maps:17.0.0] AndroidManifest.xml:33:9-35:40
142            android:name="org.apache.http.legacy"
142-->[com.google.android.gms:play-services-maps:17.0.0] AndroidManifest.xml:34:13-50
143            android:required="false" />
143-->[com.google.android.gms:play-services-maps:17.0.0] AndroidManifest.xml:35:13-37
144
145        <activity
145-->[com.google.firebase:firebase-auth:20.0.1] AndroidManifest.xml:27:9-44:20
146            android:name="com.google.firebase.auth.internal.GenericIdpActivity"
146-->[com.google.firebase:firebase-auth:20.0.1] AndroidManifest.xml:28:13-80
147            android:excludeFromRecents="true"
147-->[com.google.firebase:firebase-auth:20.0.1] AndroidManifest.xml:29:13-46
148            android:exported="true"
148-->[com.google.firebase:firebase-auth:20.0.1] AndroidManifest.xml:30:13-36
149            android:launchMode="singleTask"
149-->[com.google.firebase:firebase-auth:20.0.1] AndroidManifest.xml:31:13-44
150            android:theme="@android:style/Theme.Translucent.NoTitleBar" >
150-->[com.google.firebase:firebase-auth:20.0.1] AndroidManifest.xml:32:13-72
151            <intent-filter>
151-->[com.google.firebase:firebase-auth:20.0.1] AndroidManifest.xml:33:13-43:29
152                <action android:name="android.intent.action.VIEW" />
152-->[com.google.firebase:firebase-auth:20.0.1] AndroidManifest.xml:34:17-69
152-->[com.google.firebase:firebase-auth:20.0.1] AndroidManifest.xml:34:25-66
153
154                <category android:name="android.intent.category.DEFAULT" />
154-->[com.google.firebase:firebase-auth:20.0.1] AndroidManifest.xml:36:17-76
154-->[com.google.firebase:firebase-auth:20.0.1] AndroidManifest.xml:36:27-73
155                <category android:name="android.intent.category.BROWSABLE" />
155-->[com.google.firebase:firebase-auth:20.0.1] AndroidManifest.xml:37:17-78
155-->[com.google.firebase:firebase-auth:20.0.1] AndroidManifest.xml:37:27-75
156
157                <data
157-->[com.google.firebase:firebase-auth:20.0.1] AndroidManifest.xml:39:17-42:51
158                    android:host="firebase.auth"
158-->[com.google.firebase:firebase-auth:20.0.1] AndroidManifest.xml:40:21-49
159                    android:path="/"
159-->[com.google.firebase:firebase-auth:20.0.1] AndroidManifest.xml:41:21-37
160                    android:scheme="genericidp" />
160-->[com.google.firebase:firebase-auth:20.0.1] AndroidManifest.xml:42:21-48
161            </intent-filter>
162        </activity>
163        <activity
163-->[com.google.firebase:firebase-auth:20.0.1] AndroidManifest.xml:45:9-62:20
164            android:name="com.google.firebase.auth.internal.RecaptchaActivity"
164-->[com.google.firebase:firebase-auth:20.0.1] AndroidManifest.xml:46:13-79
165            android:excludeFromRecents="true"
165-->[com.google.firebase:firebase-auth:20.0.1] AndroidManifest.xml:47:13-46
166            android:exported="true"
166-->[com.google.firebase:firebase-auth:20.0.1] AndroidManifest.xml:48:13-36
167            android:launchMode="singleTask"
167-->[com.google.firebase:firebase-auth:20.0.1] AndroidManifest.xml:49:13-44
168            android:theme="@android:style/Theme.Translucent.NoTitleBar" >
168-->[com.google.firebase:firebase-auth:20.0.1] AndroidManifest.xml:50:13-72
169            <intent-filter>
169-->[com.google.firebase:firebase-auth:20.0.1] AndroidManifest.xml:51:13-61:29
170                <action android:name="android.intent.action.VIEW" />
170-->[com.google.firebase:firebase-auth:20.0.1] AndroidManifest.xml:34:17-69
170-->[com.google.firebase:firebase-auth:20.0.1] AndroidManifest.xml:34:25-66
171
172                <category android:name="android.intent.category.DEFAULT" />
172-->[com.google.firebase:firebase-auth:20.0.1] AndroidManifest.xml:36:17-76
172-->[com.google.firebase:firebase-auth:20.0.1] AndroidManifest.xml:36:27-73
173                <category android:name="android.intent.category.BROWSABLE" />
173-->[com.google.firebase:firebase-auth:20.0.1] AndroidManifest.xml:37:17-78
173-->[com.google.firebase:firebase-auth:20.0.1] AndroidManifest.xml:37:27-75
174
175                <data
175-->[com.google.firebase:firebase-auth:20.0.1] AndroidManifest.xml:39:17-42:51
176                    android:host="firebase.auth"
176-->[com.google.firebase:firebase-auth:20.0.1] AndroidManifest.xml:40:21-49
177                    android:path="/"
177-->[com.google.firebase:firebase-auth:20.0.1] AndroidManifest.xml:41:21-37
178                    android:scheme="recaptcha" />
178-->[com.google.firebase:firebase-auth:20.0.1] AndroidManifest.xml:42:21-48
179            </intent-filter>
180        </activity>
181
182        <service
182-->[com.google.firebase:firebase-auth:20.0.1] AndroidManifest.xml:64:9-73:19
183            android:name="com.google.firebase.auth.api.fallback.service.FirebaseAuthFallbackService"
183-->[com.google.firebase:firebase-auth:20.0.1] AndroidManifest.xml:65:13-101
184            android:enabled="true"
184-->[com.google.firebase:firebase-auth:20.0.1] AndroidManifest.xml:66:13-35
185            android:exported="false" >
185-->[com.google.firebase:firebase-auth:20.0.1] AndroidManifest.xml:67:13-37
186            <intent-filter>
186-->[com.google.firebase:firebase-auth:20.0.1] AndroidManifest.xml:68:13-72:29
187                <action android:name="com.google.firebase.auth.api.gms.service.START" />
187-->[com.google.firebase:firebase-auth:20.0.1] AndroidManifest.xml:69:17-89
187-->[com.google.firebase:firebase-auth:20.0.1] AndroidManifest.xml:69:25-86
188
189                <category android:name="android.intent.category.DEFAULT" />
189-->[com.google.firebase:firebase-auth:20.0.1] AndroidManifest.xml:36:17-76
189-->[com.google.firebase:firebase-auth:20.0.1] AndroidManifest.xml:36:27-73
190            </intent-filter>
191        </service>
192
193        <activity
193-->[com.google.android.gms:play-services-base:17.1.0] AndroidManifest.xml:23:9-26:75
194            android:name="com.google.android.gms.common.api.GoogleApiActivity"
194-->[com.google.android.gms:play-services-base:17.1.0] AndroidManifest.xml:24:13-79
195            android:exported="false"
195-->[com.google.android.gms:play-services-base:17.1.0] AndroidManifest.xml:25:13-37
196            android:theme="@android:style/Theme.Translucent.NoTitleBar" />
196-->[com.google.android.gms:play-services-base:17.1.0] AndroidManifest.xml:26:13-72
197
198        <provider
198-->[com.google.firebase:firebase-common:19.5.0] AndroidManifest.xml:26:9-31:39
199            android:name="com.google.firebase.provider.FirebaseInitProvider"
199-->[com.google.firebase:firebase-common:19.5.0] AndroidManifest.xml:27:13-77
200            android:authorities="com.example.registraron_screen.firebaseinitprovider"
200-->[com.google.firebase:firebase-common:19.5.0] AndroidManifest.xml:28:13-72
201            android:directBootAware="true"
201-->[com.google.firebase:firebase-common:19.5.0] AndroidManifest.xml:29:13-43
202            android:exported="false"
202-->[com.google.firebase:firebase-common:19.5.0] AndroidManifest.xml:30:13-37
203            android:initOrder="100" />
203-->[com.google.firebase:firebase-common:19.5.0] AndroidManifest.xml:31:13-36
204
205        <meta-data
205-->[com.google.android.gms:play-services-basement:17.1.0] AndroidManifest.xml:23:9-25:69
206            android:name="com.google.android.gms.version"
206-->[com.google.android.gms:play-services-basement:17.1.0] AndroidManifest.xml:24:13-58
207            android:value="@integer/google_play_services_version" />
207-->[com.google.android.gms:play-services-basement:17.1.0] AndroidManifest.xml:25:13-66
208    </application>
209
210</manifest>